/home/common/Documents/argh/my_ws/install/cpmr_ch2/lib/python3.10/site-packages/cpmr_ch2/add_obstacle.py
/home/common/Documents/argh/my_ws/install/cpmr_ch2/lib/python3.10/site-packages/cpmr_ch2/build_map.py
/home/common/Documents/argh/my_ws/install/cpmr_ch2/lib/python3.10/site-packages/cpmr_ch2/__init__.py
/home/common/Documents/argh/my_ws/install/cpmr_ch2/lib/python3.10/site-packages/cpmr_ch2/destroy_map.py
/home/common/Documents/argh/my_ws/install/cpmr_ch2/lib/python3.10/site-packages/cpmr_ch2/drive_to_goal.py
/home/common/Documents/argh/my_ws/install/cpmr_ch2/lib/python3.10/site-packages/cpmr_ch2/__pycache__/add_obstacle.cpython-310.pyc
/home/common/Documents/argh/my_ws/install/cpmr_ch2/lib/python3.10/site-packages/cpmr_ch2/__pycache__/build_map.cpython-310.pyc
/home/common/Documents/argh/my_ws/install/cpmr_ch2/lib/python3.10/site-packages/cpmr_ch2/__pycache__/__init__.cpython-310.pyc
/home/common/Documents/argh/my_ws/install/cpmr_ch2/lib/python3.10/site-packages/cpmr_ch2/__pycache__/destroy_map.cpython-310.pyc
/home/common/Documents/argh/my_ws/install/cpmr_ch2/lib/python3.10/site-packages/cpmr_ch2/__pycache__/drive_to_goal.cpython-310.pyc
/home/common/Documents/argh/my_ws/install/cpmr_ch2/share/ament_index/resource_index/packages/cpmr_ch2
/home/common/Documents/argh/my_ws/install/cpmr_ch2/share/cpmr_ch2/package.xml
/home/common/Documents/argh/my_ws/install/cpmr_ch2/share/cpmr_ch2/destroy_map.launch.py
/home/common/Documents/argh/my_ws/install/cpmr_ch2/share/cpmr_ch2/drive_robot.launch.py
/home/common/Documents/argh/my_ws/install/cpmr_ch2/share/cpmr_ch2/gazebo.launch.py
/home/common/Documents/argh/my_ws/install/cpmr_ch2/share/cpmr_ch2/build_map.launch.py
/home/common/Documents/argh/my_ws/install/cpmr_ch2/share/cpmr_ch2/default.json
/home/common/Documents/argh/my_ws/install/cpmr_ch2/lib/python3.10/site-packages/cpmr_ch2-3.1.0-py3.10.egg-info/SOURCES.txt
/home/common/Documents/argh/my_ws/install/cpmr_ch2/lib/python3.10/site-packages/cpmr_ch2-3.1.0-py3.10.egg-info/requires.txt
/home/common/Documents/argh/my_ws/install/cpmr_ch2/lib/python3.10/site-packages/cpmr_ch2-3.1.0-py3.10.egg-info/dependency_links.txt
/home/common/Documents/argh/my_ws/install/cpmr_ch2/lib/python3.10/site-packages/cpmr_ch2-3.1.0-py3.10.egg-info/zip-safe
/home/common/Documents/argh/my_ws/install/cpmr_ch2/lib/python3.10/site-packages/cpmr_ch2-3.1.0-py3.10.egg-info/entry_points.txt
/home/common/Documents/argh/my_ws/install/cpmr_ch2/lib/python3.10/site-packages/cpmr_ch2-3.1.0-py3.10.egg-info/top_level.txt
/home/common/Documents/argh/my_ws/install/cpmr_ch2/lib/python3.10/site-packages/cpmr_ch2-3.1.0-py3.10.egg-info/PKG-INFO
/home/common/Documents/argh/my_ws/install/cpmr_ch2/lib/cpmr_ch2/add_obstacle
/home/common/Documents/argh/my_ws/install/cpmr_ch2/lib/cpmr_ch2/build_map
/home/common/Documents/argh/my_ws/install/cpmr_ch2/lib/cpmr_ch2/destroy_map
/home/common/Documents/argh/my_ws/install/cpmr_ch2/lib/cpmr_ch2/drive_to_goal
